Build started 6/6/2016 11:41:53 PM.
     1>Project "F:\workspace\project\weiduodianzi\app\pump\beng_qwt\weiduodianzi\weiduodianzi.vcxproj" on node 2 (build target(s)).
     1>InitializeBuildStatus:
         Creating "Debug\weiduodianzi.unsuccessfulbuild" because "AlwaysCreate" was specified.
       CustomBuild:
         Moc'ing machinestat.h...
       ClCompile:
         H:\Program Files (x86)\Microsoft Visual Studio 10.0\VC\bin\CL.exe /c /I.\GeneratedFiles /I. /IE:\Qt\4.8.5\include /I.\GeneratedFiles\Debug /IE:\Qt\4.8.5\include\QtCore /IE:\Qt\4.8.5\include\QWT /IE:\Qt\4.8.5\include\QtGui /Zi /nologo /W1 /WX- /Od /Oy- /D UNICODE /D WIN32 /D QT_DLL /D QT_CORE_LIB /D QT_GUI_LIB /D QWT_DLL /Gm- /EHsc /MDd /GS /fp:precise /Zc:wchar_t- /Zc:forScope /Fo"Debug\\" /Fd"Debug\vc100.pdb" /Gd /TP /analyze- /errorReport:prompt AdminPage.cpp BasePage.cpp Communication\LogicThread.cpp DebugMcuProtoPage.cpp FixPage.cpp FlowFixPage.cpp GeneratedFiles\Debug\moc_AdminPage.cpp GeneratedFiles\Debug\moc_DebugMcuProtoPage.cpp GeneratedFiles\Debug\moc_FixPage.cpp GeneratedFiles\Debug\moc_FlowFixPage.cpp GeneratedFiles\Debug\moc_GradientPage.cpp GeneratedFiles\Debug\moc_GradientTable.cpp GeneratedFiles\Debug\moc_baseMainPage.cpp GeneratedFiles\Debug\moc_machinestat.cpp GeneratedFiles\Debug\moc_runpage.cpp GradientPage.cpp GradientTable.cpp PressFixPage.cpp TimePage.cpp baseMainPage.cpp bottomwidget.cpp comboctrl.cpp communicationcoupling.cpp editctrl.cpp language.cpp machinestat.cpp main.cpp msgpage.cpp mytablemodel.cpp permitpage.cpp pwdpage.cpp runpage.cpp runparam.cpp setuppage.cpp tablectrl.cpp
         AdminPage.cpp
         BasePage.cpp
         LogicThread.cpp
         DebugMcuProtoPage.cpp
         FixPage.cpp
         FlowFixPage.cpp
         moc_AdminPage.cpp
         moc_DebugMcuProtoPage.cpp
         moc_FixPage.cpp
         moc_FlowFixPage.cpp
         moc_GradientPage.cpp
         moc_GradientTable.cpp
         moc_baseMainPage.cpp
         moc_machinestat.cpp
         moc_runpage.cpp
         GradientPage.cpp
         GradientTable.cpp
         PressFixPage.cpp
         TimePage.cpp
         baseMainPage.cpp
         Generating Code...
     1>f:\workspace\project\weiduodianzi\app\pump\beng_qwt\weiduodianzi\timepage.cpp(106): warning C4715: 'TimePage::eventFilter' : not all control paths return a value
         Compiling...
         bottomwidget.cpp
         comboctrl.cpp
         communicationcoupling.cpp
         editctrl.cpp
         language.cpp
         machinestat.cpp
         main.cpp
         msgpage.cpp
         mytablemodel.cpp
         permitpage.cpp
         pwdpage.cpp
         runpage.cpp
         runparam.cpp
         setuppage.cpp
         tablectrl.cpp
         Generating Code...
         All outputs are up-to-date.
         All outputs are up-to-date.
       ResourceCompile:
         All outputs are up-to-date.
       Link:
         H:\Program Files (x86)\Microsoft Visual Studio 10.0\VC\bin\link.exe /ERRORREPORT:PROMPT /OUT:"F:\workspace\project\weiduodianzi\app\pump\beng_qwt\Win32\Debug\\weiduodianzi.exe" /INCREMENTAL:NO /NOLOGO /LIBPATH:E:\Qt\4.8.5\lib qtmaind.lib QtCored4.lib QtGuid4.lib sqlite3.lib kernel32.lib user32.lib gdi32.lib winspool.lib comdlg32.lib advapi32.lib shell32.lib ole32.lib oleaut32.lib uuid.lib odbc32.lib odbccp32.lib /MANIFEST /ManifestFile:"Debug\weiduodianzi.exe.intermediate.manifest" /MANIFESTUAC:"level='asInvoker' uiAccess='false'" /DEBUG /PDB:"F:\workspace\project\weiduodianzi\app\pump\beng_qwt\Win32\Debug\weiduodianzi.pdb" /SUBSYSTEM:WINDOWS /TLBID:1 /DYNAMICBASE /NXCOMPAT /IMPLIB:"F:\workspace\project\weiduodianzi\app\pump\beng_qwt\Win32\Debug\weiduodianzi.lib" /MACHINE:X86 Debug\weiduodianzi.res
         Debug\AdminPage.obj
         Debug\BasePage.obj
         Debug\bottomwidget.obj
         Debug\btnctrl.obj
         Debug\buglecompensation.obj
         Debug\BugleCompensationWithPID.obj
         Debug\buglecompensationwithsection.obj
         Debug\comboctrl.obj
         Debug\communicationcoupling.obj
         Debug\LogicThread.obj
         Debug\posix_qextserialport.obj
         Debug\Protocol.obj
         Debug\Protocol_mcu.obj
         Debug\qextserialbase.obj
         Debug\qextserialport.obj
         Debug\win_qextserialport.obj
         Debug\database.obj
         Debug\editctrl.obj
         Debug\editordelegate.obj
         Debug\FixPage.obj
         Debug\flowctrl.obj
         Debug\moc_AdminPage.obj
         Debug\moc_baseMainPage.obj
         Debug\moc_BasePage.obj
         Debug\moc_bottomwidget.obj
         Debug\moc_btnctrl.obj
         Debug\moc_buglecompensation.obj
         Debug\moc_buglecompensationwithsection.obj
         Debug\moc_comboctrl.obj
         Debug\moc_communicationcoupling.obj
         Debug\moc_database.obj
         Debug\moc_DebugMcuProtoPage.obj
         Debug\moc_editctrl.obj
         Debug\moc_editordelegate.obj
         Debug\moc_FixPage.obj
         Debug\moc_flowctrl.obj
         Debug\moc_FlowFixPage.obj
         Debug\moc_GradientPage.obj
         Debug\moc_GradientTable.obj
         Debug\moc_imgbutton.obj
         Debug\moc_iomodule.obj
         Debug\moc_KeyboardDialog.obj
         Debug\moc_language.obj
         Debug\moc_lineuint.obj
         Debug\moc_LogicThread.obj
         Debug\moc_logopage.obj
         Debug\moc_machinestat.obj
         Debug\moc_msgbox.obj
         Debug\moc_msgpage.obj
         Debug\moc_mytablemodel.obj
         Debug\moc_permitpage.obj
         Debug\moc_PressFixPage.obj
         Debug\moc_pwdpage.obj
         Debug\moc_qextserialbase.obj
         Debug\moc_qextserialport.obj
         Debug\moc_runconst.obj
         Debug\moc_runpage.obj
         Debug\moc_runparam.obj
         Debug\moc_SensitivePage.obj
         Debug\moc_setuppage.obj
         Debug\moc_tablectrl.obj
         Debug\moc_tableeditor.obj
         Debug\moc_timehelper.obj
         Debug\moc_TimePage.obj
         Debug\moc_topwidget.obj
         Debug\moc_win_qextserialport.obj
         Debug\qrc_weiduodianzi.obj
         Debug\GradientPage.obj
         Debug\GradientTable.obj
         Debug\imgbutton.obj
         Debug\iomodule.obj
         Debug\KeyboardDialog.obj
         Debug\language.obj
         Debug\lineuint.obj
         Debug\logopage.obj
         Debug\machinestat.obj
         Debug\main.obj
         Debug\baseMainPage.obj
         Debug\msgbox.obj
         Debug\msgpage.obj
         Debug\mytablemodel.obj
         Debug\permitpage.obj
         Debug\runconst.obj
         Debug\runpage.obj
         Debug\runparam.obj
         Debug\pwdpage.obj
         Debug\SensitivePage.obj
         Debug\DebugMcuProtoPage.obj
         Debug\FlowFixPage.obj
         Debug\setuppage.obj
         Debug\tablectrl.obj
         Debug\tableeditor.obj
         Debug\timehelper.obj
         Debug\TimePage.obj
         Debug\topwidget.obj
         Debug\PressFixPage.obj
         weiduodianzi.vcxproj -> F:\workspace\project\weiduodianzi\app\pump\beng_qwt\Win32\Debug\weiduodianzi.exe
       Manifest:
         C:\Program Files (x86)\Microsoft SDKs\Windows\v7.0A\bin\mt.exe /nologo /verbose /outputresource:"F:\workspace\project\weiduodianzi\app\pump\beng_qwt\Win32\Debug\\weiduodianzi.exe;#1" /manifest Debug\weiduodianzi.exe.intermediate.manifest
       FinalizeBuildStatus:
         Deleting file "Debug\weiduodianzi.unsuccessfulbuild".
         Touching "Debug\weiduodianzi.lastbuildstate".
     1>Done Building Project "F:\workspace\project\weiduodianzi\app\pump\beng_qwt\weiduodianzi\weiduodianzi.vcxproj" (build target(s)).

Build succeeded.

Time Elapsed 00:00:55.96
